2024-01-09 08:06:40,925 : INFO : utilities.Logger : test_UserRegistration_001 : test_UserRegistration_001 is started
2024-01-09 08:06:40,925 : INFO : utilities.Logger : test_UserRegistration_001 :  Opening Browser
2024-01-09 08:06:43,782 : INFO : utilities.Logger : test_UserRegistration_001 : Going to Url-->https://automation.credence.in/register
2024-01-09 08:06:43,903 : INFO : utilities.Logger : test_UserRegistration_001 : Entering the name
2024-01-09 08:06:44,098 : INFO : utilities.Logger : test_UserRegistration_001 : Entering the Email-->mmch@gmail.com
2024-01-09 08:06:44,555 : INFO : utilities.Logger : test_UserRegistration_001 : Entering the password
2024-01-09 08:06:44,726 : INFO : utilities.Logger : test_UserRegistration_001 : Entering the confirm password
2024-01-09 08:06:46,711 : INFO : utilities.Logger : test_UserRegistration_001 : Clicking on Register Button
2024-01-09 08:06:46,779 : INFO : utilities.Logger : test_UserRegistration_001 : test_UserRegistration_001 is pass
2024-01-09 08:06:47,269 : INFO : utilities.Logger : test_UserRegistration_001 : test_UserRegistration_001 is completed
2024-01-09 08:08:57,858 : INFO : utilities.Logger : test_UserRegistration_001 : test_UserRegistration_001 is started
2024-01-09 08:08:57,858 : INFO : utilities.Logger : test_UserRegistration_001 :  Opening Browser
2024-01-09 08:08:59,910 : INFO : utilities.Logger : test_UserRegistration_001 : Going to Url-->https://automation.credence.in/register
2024-01-09 08:09:00,556 : INFO : utilities.Logger : test_UserRegistration_001 : Entering the name
2024-01-09 08:09:00,771 : INFO : utilities.Logger : test_UserRegistration_001 : Entering the Email-->zzpd@gmail.com
2024-01-09 08:09:01,324 : INFO : utilities.Logger : test_UserRegistration_001 : Entering the password
2024-01-09 08:09:01,447 : INFO : utilities.Logger : test_UserRegistration_001 : Entering the confirm password
2024-01-09 08:09:03,251 : INFO : utilities.Logger : test_UserRegistration_001 : Clicking on Register Button
2024-01-09 08:09:03,291 : INFO : utilities.Logger : test_UserRegistration_001 : test_UserRegistration_001 is pass
2024-01-09 08:09:03,760 : INFO : utilities.Logger : test_UserRegistration_001 : test_UserRegistration_001 is completed
2024-01-09 08:12:26,275 : INFO : C:\Users\HP\Desktop\Python revision Jan 24\Pytest_Credkart - Copy\testCases\test_UserProfile.py : test_UserRegistration_001 : test_UserRegistration_001 is started
2024-01-09 08:12:26,276 : INFO : C:\Users\HP\Desktop\Python revision Jan 24\Pytest_Credkart - Copy\testCases\test_UserProfile.py : test_UserRegistration_001 :  Opening Browser
2024-01-09 08:12:29,615 : INFO : C:\Users\HP\Desktop\Python revision Jan 24\Pytest_Credkart - Copy\testCases\test_UserProfile.py : test_UserRegistration_001 : Going to Url-->https://automation.credence.in/register
2024-01-09 08:12:29,911 : INFO : C:\Users\HP\Desktop\Python revision Jan 24\Pytest_Credkart - Copy\testCases\test_UserProfile.py : test_UserRegistration_001 : Entering the name
2024-01-09 08:12:30,511 : INFO : C:\Users\HP\Desktop\Python revision Jan 24\Pytest_Credkart - Copy\testCases\test_UserProfile.py : test_UserRegistration_001 : Entering the Email-->thig@outlook.com
2024-01-09 08:12:30,812 : INFO : C:\Users\HP\Desktop\Python revision Jan 24\Pytest_Credkart - Copy\testCases\test_UserProfile.py : test_UserRegistration_001 : Entering the password
2024-01-09 08:12:31,006 : INFO : C:\Users\HP\Desktop\Python revision Jan 24\Pytest_Credkart - Copy\testCases\test_UserProfile.py : test_UserRegistration_001 : Entering the confirm password
2024-01-09 08:12:32,571 : INFO : C:\Users\HP\Desktop\Python revision Jan 24\Pytest_Credkart - Copy\testCases\test_UserProfile.py : test_UserRegistration_001 : Clicking on Register Button
2024-01-09 08:12:32,601 : INFO : C:\Users\HP\Desktop\Python revision Jan 24\Pytest_Credkart - Copy\testCases\test_UserProfile.py : test_UserRegistration_001 : test_UserRegistration_001 is pass
2024-01-09 08:12:32,989 : INFO : C:\Users\HP\Desktop\Python revision Jan 24\Pytest_Credkart - Copy\testCases\test_UserProfile.py : test_UserRegistration_001 : test_UserRegistration_001 is completed


2024-01-09 08:13:13,479 : INFO : Test_User_Profile : test_UserRegistration_001 : test_UserRegistration_001 is started
2024-01-09 08:13:13,480 : INFO : Test_User_Profile : test_UserRegistration_001 :  Opening Browser
2024-01-09 08:13:16,941 : INFO : Test_User_Profile : test_UserRegistration_001 : Going to Url-->https://automation.credence.in/register
2024-01-09 08:13:17,063 : INFO : Test_User_Profile : test_UserRegistration_001 : Entering the name
2024-01-09 08:13:17,259 : INFO : Test_User_Profile : test_UserRegistration_001 : Entering the Email-->txon@gmail.com
2024-01-09 08:13:17,357 : INFO : Test_User_Profile : test_UserRegistration_001 : Entering the password
2024-01-09 08:13:17,460 : INFO : Test_User_Profile : test_UserRegistration_001 : Entering the confirm password
2024-01-09 08:13:18,839 : INFO : Test_User_Profile : test_UserRegistration_001 : Clicking on Register Button
2024-01-09 08:13:18,853 : INFO : Test_User_Profile : test_UserRegistration_001 : test_UserRegistration_001 is pass
2024-01-09 08:13:19,508 : INFO : Test_User_Profile : test_UserRegistration_001 : test_UserRegistration_001 is completed
2024-01-09 08:15:57,864 - INFO - Test_User_Profile - test_UserRegistration_001 - test_UserRegistration_001 is started
2024-01-09 08:15:57,864 - INFO - Test_User_Profile - test_UserRegistration_001 -  Opening Browser
2024-01-09 08:15:58,581 - INFO - Test_User_Profile - test_UserRegistration_001 - Going to Url-->https://automation.credence.in/register
2024-01-09 08:15:58,689 - INFO - Test_User_Profile - test_UserRegistration_001 - Entering the name
2024-01-09 08:15:58,877 - INFO - Test_User_Profile - test_UserRegistration_001 - Entering the Email-->cfzr@outlook.com
2024-01-09 08:15:58,987 - INFO - Test_User_Profile - test_UserRegistration_001 - Entering the password
2024-01-09 08:15:59,104 - INFO - Test_User_Profile - test_UserRegistration_001 - Entering the confirm password
2024-01-09 08:16:00,494 - INFO - Test_User_Profile - test_UserRegistration_001 - Clicking on Register Button
2024-01-09 08:16:00,507 - INFO - Test_User_Profile - test_UserRegistration_001 - test_UserRegistration_001 is pass
2024-01-09 08:16:00,623 - INFO - Test_User_Profile - test_UserRegistration_001 - test_UserRegistration_001 is completed
2024-01-12 20:06:08,543 - INFO - Test_User_Profile - test_UserRegistration_001 - test_UserRegistration_001 is started
2024-01-12 20:06:08,544 - INFO - Test_User_Profile - test_UserRegistration_001 -  Opening Browser
2024-01-12 20:06:10,503 - INFO - Test_User_Profile - test_UserRegistration_001 - Going to Url-->https://automation.credence.in/register
2024-01-12 20:06:10,579 - INFO - Test_User_Profile - test_UserRegistration_001 - Entering the name
2024-01-12 20:06:10,687 - INFO - Test_User_Profile - test_UserRegistration_001 - Entering the Email-->dgez@gmail.com
2024-01-12 20:06:10,815 - INFO - Test_User_Profile - test_UserRegistration_001 - Entering the password
2024-01-12 20:06:10,927 - INFO - Test_User_Profile - test_UserRegistration_001 - Entering the confirm password
2024-01-12 20:06:13,951 - INFO - Test_User_Profile - test_UserRegistration_001 - Clicking on Register Button
2024-01-12 20:06:13,976 - INFO - Test_User_Profile - test_UserRegistration_001 - test_UserRegistration_001 is pass
2024-01-12 20:06:14,349 - INFO - Test_User_Profile - test_UserRegistration_001 - test_UserRegistration_001 is completed
2024-01-12 20:18:07,086 - INFO - Test_User_Profile - test_UserRegistration_001 - test_UserRegistration_001 is started
2024-01-12 20:18:07,086 - INFO - Test_User_Profile - test_UserRegistration_001 -  Opening Browser
2024-01-12 20:18:10,920 - INFO - Test_User_Profile - test_UserRegistration_001 - Going to Url-->https://automation.credence.in/register
2024-01-12 20:18:11,071 - INFO - Test_User_Profile - test_UserRegistration_001 - Entering the name
2024-01-12 20:18:11,170 - INFO - Test_User_Profile - test_UserRegistration_001 - Entering the Email-->gdoj@outlook.com
2024-01-12 20:18:11,259 - INFO - Test_User_Profile - test_UserRegistration_001 - Entering the password
2024-01-12 20:18:11,351 - INFO - Test_User_Profile - test_UserRegistration_001 - Entering the confirm password
2024-01-12 20:18:28,939 - INFO - Test_User_Profile - test_UserRegistration_001 - Clicking on Register Button
2024-01-12 20:18:28,983 - INFO - Test_User_Profile - test_UserRegistration_001 - test_UserRegistration_001 is pass
2024-01-12 20:18:29,258 - INFO - Test_User_Profile - test_UserRegistration_001 - test_UserRegistration_001 is completed
